<?xml version="1.0" encoding="UTF-8"?>
<!-- Generated by org.testng.reporters.JUnitReportReporter -->
<testsuite skipped="0" hostname="DESKTOP-H9CG5VC" name="com.albertsons.APITestingFramework.testcases.CreateCustomerTest" tests="4" failures="0" timestamp="2022-05-21T13:08:01 IST" time="3.989" errors="0">
  <testcase name="validateCreateCustomerApiWithInvalidSecretKey" time="0.662" classname="com.albertsons.APITestingFramework.testcases.CreateCustomerTest"/>
  <system-out/>
  <testcase name="validateCreateCustomerApiWithValidSecretKey" time="1.178" classname="com.albertsons.APITestingFramework.testcases.CreateCustomerTest"/>
  <system-out/>
  <testcase name="validateCreateCustomerApiWithValidSecretKey" time="1.066" classname="com.albertsons.APITestingFramework.testcases.CreateCustomerTest"/>
  <system-out/>
  <testcase name="validateCreateCustomerApiWithValidSecretKey" time="1.083" classname="com.albertsons.APITestingFramework.testcases.CreateCustomerTest"/>
  <system-out/>
</testsuite> <!-- com.albertsons.APITestingFramework.testcases.CreateCustomerTest -->
