<?xml version="1.0" encoding="UTF-8"?>
<!-- Generated by org.testng.reporters.JUnitReportReporter -->
<testsuite skipped="0" hostname="DESKTOP-H9CG5VC" name="com.albertsons.APITestingFramework.testcases.CreateCustomerTest" tests="4" failures="0" timestamp="2022-05-19T23:54:55 IST" time="3.307" errors="0">
  <testcase name="validateCreateCustomerApiWithValidSecretKey" time="0.827" classname="com.albertsons.APITestingFramework.testcases.CreateCustomerTest"/>
  <system-out/>
  <testcase name="validateCreateCustomerApiWithInvalidSecretKey" time="0.747" classname="com.albertsons.APITestingFramework.testcases.CreateCustomerTest"/>
  <system-out/>
  <testcase name="validateCreateCustomerApiWithValidSecretKey" time="0.872" classname="com.albertsons.APITestingFramework.testcases.CreateCustomerTest"/>
  <system-out/>
  <testcase name="validateCreateCustomerApiWithValidSecretKey" time="0.861" classname="com.albertsons.APITestingFramework.testcases.CreateCustomerTest"/>
  <system-out/>
</testsuite> <!-- com.albertsons.APITestingFramework.testcases.CreateCustomerTest -->
